<?xml version="1.0" encoding="UTF-8"?>
<!-- Generated by org.testng.reporters.JUnitXMLReporter -->
<testsuite hostname="DESKTOP-9OK3TMH" ignored="4" name="Default test" tests="1" failures="0" timestamp="2020-09-10T11:49:29 IST" time="6.33" errors="0">
  <testcase name="verifyCapsules" time="6.254" classname="Start.Maven.RestApi"/>
  <testcase name="verifyCores" time="0.0" classname="Start.Maven.RestApi">
    <ignored/>
  </testcase> <!-- verifyCores -->
  <testcase name="apiIdValidation" time="0.0" classname="Start.Maven.RestApi">
    <ignored/>
  </testcase> <!-- apiIdValidation -->
  <testcase name="statusCodeValidation" time="0.0" classname="Start.Maven.RestApi">
    <ignored/>
  </testcase> <!-- statusCodeValidation -->
  <testcase name="verifyLaunchPad" time="0.0" classname="Start.Maven.RestApi">
    <ignored/>
  </testcase> <!-- verifyLaunchPad -->
</testsuite> <!-- Default test -->
