<?xml version="1.0" encoding="UTF-8"?>
<!-- Generated by org.testng.reporters.JUnitXMLReporter -->
<testsuite hostname="DESKTOP-9OK3TMH" ignored="0" name="Default test" tests="2" failures="0" timestamp="07 Sep 2020 07:17:27 GMT" time="11.012" errors="0">
  <testcase name="setUp" time="10.877" classname="com.crm.qa.testcases.PurchaseConfirmationPageTest"/>
  <testcase name="purchaseIdVerification" time="0.091" classname="com.crm.qa.testcases.PurchaseConfirmationPageTest"/>
</testsuite> <!-- Default test -->
