<?xml version="1.0" encoding="UTF-8"?>
<testng-results skipped="0" failed="1" ignored="0" total="9" passed="8">
  <reporter-output>
  </reporter-output>
  <suite name="FREE CRM Application Test Automation Test Suite" duration-ms="53150" started-at="2020-09-09T05:03:30Z" finished-at="2020-09-09T05:04:23Z">
    <groups>
    </groups>
    <test name="Free CRM App Test Cases" duration-ms="53150" started-at="2020-09-09T05:03:30Z" finished-at="2020-09-09T05:04:23Z">
      <class name="com.crm.qa.testcases.FlightBookingHomePageTest">
        <test-method status="PASS" signature="setUp()[pri:0, instance:com.crm.qa.testcases.FlightBookingHomePageTest@4678c730]" name="setUp" is-config="true" duration-ms="23396" started-at="2020-09-09T10:33:30Z" finished-at="2020-09-09T10:33:53Z">
          <reporter-output>
          </reporter-output>
        </test-method> <!-- setUp -->
        <test-method status="PASS" signature="verifyHomePageTitle()[pri:1, instance:com.crm.qa.testcases.FlightBookingHomePageTest@4678c730]" name="verifyHomePageTitle" duration-ms="137" started-at="2020-09-09T10:33:54Z" finished-at="2020-09-09T10:33:54Z">
          <reporter-output>
          </reporter-output>
        </test-method> <!-- verifyHomePageTitle -->
        <test-method status="PASS" signature="selectDepartureandDestinationcity()[pri:2, instance:com.crm.qa.testcases.FlightBookingHomePageTest@4678c730]" name="selectDepartureandDestinationcity" duration-ms="1360" started-at="2020-09-09T10:33:54Z" finished-at="2020-09-09T10:33:55Z">
          <reporter-output>
          </reporter-output>
        </test-method> <!-- selectDepartureandDestinationcity -->
      </class> <!-- com.crm.qa.testcases.FlightBookingHomePageTest -->
      <class name="com.crm.qa.testcases.ChoseFlightPageTest">
        <test-method status="PASS" signature="setUp()[pri:1, instance:com.crm.qa.testcases.ChoseFlightPageTest@6767c1fc]" name="setUp" duration-ms="21" started-at="2020-09-09T10:33:54Z" finished-at="2020-09-09T10:33:54Z">
          <reporter-output>
          </reporter-output>
        </test-method> <!-- setUp -->
        <test-method status="PASS" signature="ClickonChooseThisFlightbtn()[pri:2, instance:com.crm.qa.testcases.ChoseFlightPageTest@6767c1fc]" name="ClickonChooseThisFlightbtn" duration-ms="780" started-at="2020-09-09T10:33:55Z" finished-at="2020-09-09T10:33:56Z">
          <reporter-output>
          </reporter-output>
        </test-method> <!-- ClickonChooseThisFlightbtn -->
      </class> <!-- com.crm.qa.testcases.ChoseFlightPageTest -->
      <class name="com.crm.qa.testcases.PurchaseConfirmationPageTest">
        <test-method status="PASS" signature="setUp()[pri:1, instance:com.crm.qa.testcases.PurchaseConfirmationPageTest@c038203]" name="setUp" duration-ms="54" started-at="2020-09-09T10:33:54Z" finished-at="2020-09-09T10:33:54Z">
          <reporter-output>
          </reporter-output>
        </test-method> <!-- setUp -->
        <test-method status="FAIL" signature="purchaseIdVerification()[pri:2, instance:com.crm.qa.testcases.PurchaseConfirmationPageTest@c038203]" name="purchaseIdVerification" duration-ms="20526" started-at="2020-09-09T10:33:56Z" finished-at="2020-09-09T10:34:17Z">
          <exception class="org.openqa.selenium.NoSuchElementException">
            <message>
              <![CDATA[no such element: Unable to locate element: {"method":"xpath","selector":"//tr[1]//td[2]"}
  (Session info: chrome=85.0.4183.83)
For documentation on this error, please visit: http://seleniumhq.org/exceptions/no_such_element.html
Build info: version: '3.14.0', revision: 'aacccce0', time: '2018-08-02T20:19:58.91Z'
System info: host: 'DESKTOP-9OK3TMH', ip: '192.168.43.32', os.name: 'Windows 10', os.arch: 'amd64', os.version: '10.0', java.version: '1.8.0_241'
Driver info: org.openqa.selenium.chrome.ChromeDriver
Capabilities {acceptInsecureCerts: false, browserName: chrome, browserVersion: 85.0.4183.83, chrome: {chromedriverVersion: 85.0.4183.38 (9047dbc2c693f..., userDataDir: C:\Users\Raju\AppData\Local...}, goog:chromeOptions: {debuggerAddress: localhost:51945}, javascriptEnabled: true, networkConnectionEnabled: false, pageLoadStrategy: normal, platform: WINDOWS, platformName: WINDOWS, proxy: Proxy(), setWindowRect: true, strictFileInteractability: false, timeouts: {implicit: 0, pageLoad: 300000, script: 30000}, unhandledPromptBehavior: dismiss and notify, webauthn:virtualAuthenticators: true}
Session ID: d37c97038e366eacab0a8875508ee968
*** Element info: {Using=xpath, value=//tr[1]//td[2]}]]>
            </message>
            <full-stacktrace>
              <![CDATA[org.openqa.selenium.NoSuchElementException: no such element: Unable to locate element: {"method":"xpath","selector":"//tr[1]//td[2]"}
  (Session info: chrome=85.0.4183.83)
For documentation on this error, please visit: http://seleniumhq.org/exceptions/no_such_element.html
Build info: version: '3.14.0', revision: 'aacccce0', time: '2018-08-02T20:19:58.91Z'
System info: host: 'DESKTOP-9OK3TMH', ip: '192.168.43.32', os.name: 'Windows 10', os.arch: 'amd64', os.version: '10.0', java.version: '1.8.0_241'
Driver info: org.openqa.selenium.chrome.ChromeDriver
Capabilities {acceptInsecureCerts: false, browserName: chrome, browserVersion: 85.0.4183.83, chrome: {chromedriverVersion: 85.0.4183.38 (9047dbc2c693f..., userDataDir: C:\Users\Raju\AppData\Local...}, goog:chromeOptions: {debuggerAddress: localhost:51945}, javascriptEnabled: true, networkConnectionEnabled: false, pageLoadStrategy: normal, platform: WINDOWS, platformName: WINDOWS, proxy: Proxy(), setWindowRect: true, strictFileInteractability: false, timeouts: {implicit: 0, pageLoad: 300000, script: 30000}, unhandledPromptBehavior: dismiss and notify, webauthn:virtualAuthenticators: true}
Session ID: d37c97038e366eacab0a8875508ee968
*** Element info: {Using=xpath, value=//tr[1]//td[2]}
	at sun.reflect.NativeConstructorAccessorImpl.newInstance0(Native Method)
	at sun.reflect.NativeConstructorAccessorImpl.newInstance(Unknown Source)
	at sun.reflect.DelegatingConstructorAccessorImpl.newInstance(Unknown Source)
	at java.lang.reflect.Constructor.newInstance(Unknown Source)
	at org.openqa.selenium.remote.http.W3CHttpResponseCodec.createException(W3CHttpResponseCodec.java:187)
	at org.openqa.selenium.remote.http.W3CHttpResponseCodec.decode(W3CHttpResponseCodec.java:122)
	at org.openqa.selenium.remote.http.W3CHttpResponseCodec.decode(W3CHttpResponseCodec.java:49)
	at org.openqa.selenium.remote.HttpCommandExecutor.execute(HttpCommandExecutor.java:158)
	at org.openqa.selenium.remote.service.DriverCommandExecutor.execute(DriverCommandExecutor.java:83)
	at org.openqa.selenium.remote.RemoteWebDriver.execute(RemoteWebDriver.java:548)
	at org.openqa.selenium.remote.RemoteWebDriver.findElement(RemoteWebDriver.java:322)
	at org.openqa.selenium.remote.RemoteWebDriver.findElementByXPath(RemoteWebDriver.java:424)
	at org.openqa.selenium.By$ByXPath.findElement(By.java:353)
	at org.openqa.selenium.remote.RemoteWebDriver.findElement(RemoteWebDriver.java:314)
	at org.openqa.selenium.support.pagefactory.DefaultElementLocator.findElement(DefaultElementLocator.java:69)
	at org.openqa.selenium.support.pagefactory.internal.LocatingElementHandler.invoke(LocatingElementHandler.java:38)
	at com.sun.proxy.$Proxy8.getText(Unknown Source)
	at com.crm.qa.pages.PurchaseConfirmationPage.PurchaseIdConfirmation(PurchaseConfirmationPage.java:27)
	at com.crm.qa.testcases.PurchaseConfirmationPageTest.purchaseIdVerification(PurchaseConfirmationPageTest.java:34)
	at sun.reflect.NativeMethodAccessorImpl.invoke0(Native Method)
	at sun.reflect.NativeMethodAccessorImpl.invoke(Unknown Source)
	at sun.reflect.DelegatingMethodAccessorImpl.invoke(Unknown Source)
	at java.lang.reflect.Method.invoke(Unknown Source)
	at org.testng.internal.MethodInvocationHelper.invokeMethod(MethodInvocationHelper.java:108)
	at org.testng.internal.Invoker.invokeMethod(Invoker.java:661)
	at org.testng.internal.Invoker.invokeTestMethod(Invoker.java:869)
	at org.testng.internal.Invoker.invokeTestMethods(Invoker.java:1193)
	at org.testng.internal.TestMethodWorker.invokeTestMethods(TestMethodWorker.java:126)
	at org.testng.internal.TestMethodWorker.run(TestMethodWorker.java:109)
	at org.testng.TestRunner.privateRun(TestRunner.java:744)
	at org.testng.TestRunner.run(TestRunner.java:602)
	at org.testng.SuiteRunner.runTest(SuiteRunner.java:380)
	at org.testng.SuiteRunner.runSequentially(SuiteRunner.java:375)
	at org.testng.SuiteRunner.privateRun(SuiteRunner.java:340)
	at org.testng.SuiteRunner.run(SuiteRunner.java:289)
	at org.testng.SuiteRunnerWorker.runSuite(SuiteRunnerWorker.java:52)
	at org.testng.SuiteRunnerWorker.run(SuiteRunnerWorker.java:86)
	at org.testng.TestNG.runSuitesSequentially(TestNG.java:1301)
	at org.testng.TestNG.runSuitesLocally(TestNG.java:1226)
	at org.testng.TestNG.runSuites(TestNG.java:1144)
	at org.testng.TestNG.run(TestNG.java:1115)
	at org.testng.remote.AbstractRemoteTestNG.run(AbstractRemoteTestNG.java:115)
	at org.testng.remote.RemoteTestNG.initAndRun(RemoteTestNG.java:251)
	at org.testng.remote.RemoteTestNG.main(RemoteTestNG.java:77)
]]>
            </full-stacktrace>
          </exception> <!-- org.openqa.selenium.NoSuchElementException -->
          <reporter-output>
          </reporter-output>
        </test-method> <!-- purchaseIdVerification -->
      </class> <!-- com.crm.qa.testcases.PurchaseConfirmationPageTest -->
      <class name="com.crm.qa.testcases.FillDetailsPageTest">
        <test-method status="PASS" signature="setUp()[pri:1, instance:com.crm.qa.testcases.FillDetailsPageTest@29ee9faa]" name="setUp" duration-ms="19" started-at="2020-09-09T10:33:54Z" finished-at="2020-09-09T10:33:54Z">
          <reporter-output>
          </reporter-output>
        </test-method> <!-- setUp -->
        <test-method status="PASS" signature="fillDetailsOfCustomer()[pri:2, instance:com.crm.qa.testcases.FillDetailsPageTest@29ee9faa]" name="fillDetailsOfCustomer" duration-ms="535" started-at="2020-09-09T10:33:56Z" finished-at="2020-09-09T10:33:56Z">
          <reporter-output>
          </reporter-output>
        </test-method> <!-- fillDetailsOfCustomer -->
        <test-method status="PASS" signature="navigateToCnfPage()[pri:3, instance:com.crm.qa.testcases.FillDetailsPageTest@29ee9faa]" name="navigateToCnfPage" duration-ms="6069" started-at="2020-09-09T10:34:17Z" finished-at="2020-09-09T10:34:23Z">
          <reporter-output>
          </reporter-output>
        </test-method> <!-- navigateToCnfPage -->
      </class> <!-- com.crm.qa.testcases.FillDetailsPageTest -->
    </test> <!-- Free CRM App Test Cases -->
  </suite> <!-- FREE CRM Application Test Automation Test Suite -->
</testng-results>
