<?xml version="1.0" encoding="UTF-8"?>
<testng-results skipped="0" failed="0" ignored="4" total="5" passed="1">
  <reporter-output>
  </reporter-output>
  <suite name="Default suite" duration-ms="6330" started-at="2020-09-10T11:49:23 IST" finished-at="2020-09-10T11:49:29 IST">
    <groups>
    </groups>
    <test name="Default test" duration-ms="6330" started-at="2020-09-10T11:49:23 IST" finished-at="2020-09-10T11:49:29 IST">
      <class name="Start.Maven.RestApi">
        <test-method status="PASS" signature="verifyCapsules()[pri:0, instance:Start.Maven.RestApi@711f39f9]" name="verifyCapsules" duration-ms="6254" started-at="2020-09-10T11:49:23 IST" finished-at="2020-09-10T11:49:29 IST">
          <reporter-output>
          </reporter-output>
        </test-method> <!-- verifyCapsules -->
      </class> <!-- Start.Maven.RestApi -->
    </test> <!-- Default test -->
  </suite> <!-- Default suite -->
</testng-results>
